<!DOCTYPE html PUBLIC "-//W3C//DTD XHTML 1.1//EN" "http://www.w3.org/TR/xhtml11/DTD/xhtml11.dtd">
<html xmlns="http://www.w3.org/1999/xhtml">
<head>
<meta http-equiv="content-type" content="text/html; charset=UTF-8"/>
<title>TestNG Report</title>
<style type="text/css">table {margin-bottom:10px;border-collapse:collapse;empty-cells:show}th,td {border:1px solid #009;padding:.25em .5em}th {vertical-align:bottom}td {vertical-align:top}table a {font-weight:bold}.stripe td {background-color: #E6EBF9}.num {text-align:right}.passedodd td {background-color: #3F3}.passedeven td {background-color: #0A0}.skippedodd td {background-color: #DDD}.skippedeven td {background-color: #CCC}.failedodd td,.attn {background-color: #F33}.failedeven td,.stripe .attn {background-color: #D00}.stacktrace {white-space:pre;font-family:monospace}.totop {font-size:85%;text-align:center;border-bottom:2px solid #000}.invisible {display:none}</style>
</head>
<body>
<table>
<tr><th>Test</th><th># Passed</th><th># Skipped</th><th># Failed</th><th>Time (ms)</th><th>Included Groups</th><th>Excluded Groups</th></tr>
<tr><th colspan="7">Suite</th></tr>
<tr><td><a href="#t0">Test</a></td><td class="num">8</td><td class="num attn">7</td><td class="num attn">3</td><td class="num">64,764</td><td></td><td></td></tr>
</table>
<table id='summary'><thead><tr><th>Class</th><th>Method</th><th>Start</th><th>Time (ms)</th></tr></thead><tbody><tr><th colspan="4">Suite</th></tr></tbody><tbody id="t0"><tr><th colspan="4">Test &#8212; failed (configuration methods)</th></tr><tr class="failedeven"><td rowspan="1">com.test.AddUserTest</td><td><a href="#m0">tearDown</a></td><td rowspan="1">1649844825715</td><td rowspan="1">1</td></tr><tr class="failedodd"><td rowspan="1">com.test.DashboardpageTest</td><td><a href="#m1">tearDown</a></td><td rowspan="1">1649844837346</td><td rowspan="1">0</td></tr><tr class="failedeven"><td rowspan="1">com.test.DownloadPageTest</td><td><a href="#m2">tearDown</a></td><td rowspan="1">1649844816488</td><td rowspan="1">0</td></tr><tr class="failedodd"><td rowspan="1">com.test.LoginpageTest</td><td><a href="#m3">tearDown</a></td><td rowspan="1">1649844866501</td><td rowspan="1">1</td></tr><tr class="failedeven"><td rowspan="1">com.test.UsefulLinkTest</td><td><a href="#m4">tearDown</a></td><td rowspan="1">1649844844818</td><td rowspan="1">1</td></tr><tr class="failedodd"><td rowspan="1">com.test.UserpgeTest</td><td><a href="#m5">tearDown</a></td><td rowspan="1">1649844810252</td><td rowspan="1">4</td></tr><tr class="failedeven"><td rowspan="1">com.test.operatorTest</td><td><a href="#m6">tearDown</a></td><td rowspan="1">1649844831578</td><td rowspan="1">0</td></tr><tr><th colspan="4">Test &#8212; failed</th></tr><tr class="failedeven"><td rowspan="2">com.test.LoginpageTest</td><td><a href="#m7">checkLogin</a></td><td rowspan="1">1649844854206</td><td rowspan="1">12221</td></tr><tr class="failedeven"><td><a href="#m8">testPage</a></td><td rowspan="1">1649844844823</td><td rowspan="1">9381</td></tr><tr class="failedodd"><td rowspan="1">com.test.UserpgeTest</td><td><a href="#m9">popuphandling</a></td><td rowspan="1">1649844809295</td><td rowspan="1">99</td></tr><tr><th colspan="4">Test &#8212; skipped (configuration methods)</th></tr><tr class="skippedeven"><td rowspan="4">com.test.DashboardpageTest</td><td><a href="#m10">intialisation1</a></td><td rowspan="2">1649844837348</td><td rowspan="2">0</td></tr><tr class="skippedeven"><td><a href="#m11">intialisation1</a></td></tr><tr class="skippedeven"><td><a href="#m12">tearDown</a></td><td rowspan="2">1649844837360</td><td rowspan="2">0</td></tr><tr class="skippedeven"><td><a href="#m13">tearDown</a></td></tr><tr class="skippedodd"><td rowspan="2">com.test.DownloadPageTest</td><td><a href="#m14">intialisation1</a></td><td rowspan="1">1649844816494</td><td rowspan="1">0</td></tr><tr class="skippedodd"><td><a href="#m15">tearDown</a></td><td rowspan="1">1649844816497</td><td rowspan="1">0</td></tr><tr class="skippedeven"><td rowspan="2">com.test.UsefulLinkTest</td><td><a href="#m16">intialisation1</a></td><td rowspan="1">1649844844820</td><td rowspan="1">0</td></tr><tr class="skippedeven"><td><a href="#m17">tearDown</a></td><td rowspan="1">1649844844821</td><td rowspan="1">0</td></tr><tr class="skippedodd"><td rowspan="6">com.test.operatorTest</td><td><a href="#m18">intialisation1</a></td><td rowspan="3">1649844831583</td><td rowspan="3">0</td></tr><tr class="skippedodd"><td><a href="#m19">intialisation1</a></td></tr><tr class="skippedodd"><td><a href="#m20">intialisation1</a></td></tr><tr class="skippedodd"><td><a href="#m21">tearDown</a></td><td rowspan="3">1649844831584</td><td rowspan="3">0</td></tr><tr class="skippedodd"><td><a href="#m22">tearDown</a></td></tr><tr class="skippedodd"><td><a href="#m23">tearDown</a></td></tr><tr><th colspan="4">Test &#8212; skipped</th></tr><tr class="skippedeven"><td rowspan="2">com.test.DashboardpageTest</td><td><a href="#m24">checkUserPage</a></td><td rowspan="1">1649844837352</td><td rowspan="1">0</td></tr><tr class="skippedeven"><td><a href="#m25">windowHandale</a></td><td rowspan="1">1649844837357</td><td rowspan="1">0</td></tr><tr class="skippedodd"><td rowspan="1">com.test.DownloadPageTest</td><td><a href="#m26">windowhandle</a></td><td rowspan="1">1649844816495</td><td rowspan="1">0</td></tr><tr class="skippedeven"><td rowspan="1">com.test.UsefulLinkTest</td><td><a href="#m27">windowHandles</a></td><td rowspan="1">1649844844821</td><td rowspan="1">0</td></tr><tr class="skippedodd"><td rowspan="3">com.test.operatorTest</td><td><a href="#m28">checkcontact</a></td><td rowspan="1">1649844831580</td><td rowspan="1">0</td></tr><tr class="skippedodd"><td><a href="#m29">technnicalWord</a></td><td rowspan="1">1649844831583</td><td rowspan="1">0</td></tr><tr class="skippedodd"><td><a href="#m30">webTablehandlimg</a></td><td rowspan="1">1649844831586</td><td rowspan="1">0</td></tr><tr><th colspan="4">Test &#8212; passed</th></tr><tr class="passedeven"><td rowspan="1">com.test.AddUserTest</td><td><a href="#m31">adduser</a></td><td rowspan="1">1649844821831</td><td rowspan="1">3882</td></tr><tr class="passedodd"><td rowspan="1">com.test.DashboardpageTest</td><td><a href="#m32">checkOperatorPage</a></td><td rowspan="1">1649844837090</td><td rowspan="1">254</td></tr><tr class="passedeven"><td rowspan="1">com.test.DownloadPageTest</td><td><a href="#m33">seleniumCountCheck</a></td><td rowspan="1">1649844816116</td><td rowspan="1">371</td></tr><tr class="passedodd"><td rowspan="1">com.test.UsefulLinkTest</td><td><a href="#m34">contentcheck</a></td><td rowspan="1">1649844844563</td><td rowspan="1">255</td></tr><tr class="passedeven"><td rowspan="3">com.test.UserpgeTest</td><td><a href="#m35">genderChecking</a></td><td rowspan="1">1649844807950</td><td rowspan="1">1343</td></tr><tr class="passedeven"><td><a href="#m36">webTableHandling1</a></td><td rowspan="1">1649844809399</td><td rowspan="1">147</td></tr><tr class="passedeven"><td><a href="#m37">webtblehndling</a></td><td rowspan="1">1649844809547</td><td rowspan="1">704</td></tr><tr class="passedodd"><td rowspan="1">com.test.operatorTest</td><td><a href="#m38">CheckWhatasppContactOnly</a></td><td rowspan="1">1649844831326</td><td rowspan="1">251</td></tr></tbody>
</table>
<h2>Test</h2><h3 id="m0">com.test.AddUserTest#tearDown</h3><table class="result"><tr><th>Exception</th></tr><tr><td><div class="stacktrace">java.lang.NullPointerException
	at com.test.AddUserTest.tearDown(AddUserTest.java:36)
... Removed 28 stack frames</div></td></tr></table><p class="totop"><a href="#summary">back to summary</a></p>
<h3 id="m1">com.test.DashboardpageTest#tearDown</h3><table class="result"><tr><th>Exception</th></tr><tr><td><div class="stacktrace">java.lang.NullPointerException
	at com.test.DashboardpageTest.tearDown(DashboardpageTest.java:34)
... Removed 28 stack frames</div></td></tr></table><p class="totop"><a href="#summary">back to summary</a></p>
<h3 id="m2">com.test.DownloadPageTest#tearDown</h3><table class="result"><tr><th>Exception</th></tr><tr><td><div class="stacktrace">java.lang.NullPointerException
	at com.test.DownloadPageTest.tearDown(DownloadPageTest.java:35)
... Removed 28 stack frames</div></td></tr></table><p class="totop"><a href="#summary">back to summary</a></p>
<h3 id="m3">com.test.LoginpageTest#tearDown</h3><table class="result"><tr><th>Exception</th></tr><tr><td><div class="stacktrace">java.lang.NullPointerException
	at com.test.LoginpageTest.tearDown(LoginpageTest.java:35)
... Removed 20 stack frames</div></td></tr></table><p class="totop"><a href="#summary">back to summary</a></p>
<h3 id="m4">com.test.UsefulLinkTest#tearDown</h3><table class="result"><tr><th>Exception</th></tr><tr><td><div class="stacktrace">java.lang.NullPointerException
	at com.test.UsefulLinkTest.tearDown(UsefulLinkTest.java:37)
... Removed 28 stack frames</div></td></tr></table><p class="totop"><a href="#summary">back to summary</a></p>
<h3 id="m5">com.test.UserpgeTest#tearDown</h3><table class="result"><tr><th>Exception</th></tr><tr><td><div class="stacktrace">java.lang.NullPointerException
	at com.test.UserpgeTest.tearDown(UserpgeTest.java:36)
... Removed 26 stack frames</div></td></tr></table><p class="totop"><a href="#summary">back to summary</a></p>
<h3 id="m6">com.test.operatorTest#tearDown</h3><table class="result"><tr><th>Exception</th></tr><tr><td><div class="stacktrace">java.lang.NullPointerException
	at com.test.operatorTest.tearDown(operatorTest.java:33)
... Removed 28 stack frames</div></td></tr></table><p class="totop"><a href="#summary">back to summary</a></p>
<h3 id="m7">com.test.LoginpageTest#checkLogin</h3><table class="result"><tr><th>Exception</th></tr><tr><td><div class="stacktrace">org.openqa.selenium.WebDriverException: chrome not reachable
  (Session info: chrome=100.0.4896.88)
Build info: version: &apos;3.141.59&apos;, revision: &apos;e82be7d358&apos;, time: &apos;2018-11-14T08:17:03&apos;
System info: host: &apos;DESKTOP-53PPSM5&apos;, ip: &apos;192.168.43.251&apos;, os.name: &apos;Windows 10&apos;, os.arch: &apos;amd64&apos;, os.version: &apos;10.0&apos;, java.version: &apos;1.8.0_144&apos;
Driver info: org.openqa.selenium.chrome.ChromeDriver
Capabilities {acceptInsecureCerts: false, browserName: chrome, browserVersion: 100.0.4896.88, chrome: {chromedriverVersion: 99.0.4844.51 (d537ec02474b5..., userDataDir: C:\Users\om\AppData\Local\T...}, goog:chromeOptions: {debuggerAddress: localhost:59111}, javascriptEnabled: true, networkConnectionEnabled: false, pageLoadStrategy: normal, platform: WINDOWS, platformName: WINDOWS, proxy: Proxy(), setWindowRect: true, strictFileInteractability: false, timeouts: {implicit: 0, pageLoad: 300000, script: 30000}, unhandledPromptBehavior: dismiss and notify, webauthn:extension:credBlob: true, webauthn:extension:largeBlob: true, webauthn:virtualAuthenticators: true}
Session ID: 99f26442ac2d5419e3283a56cc7143db
	at org.openqa.selenium.remote.http.W3CHttpResponseCodec.createException(W3CHttpResponseCodec.java:187)
	at org.openqa.selenium.remote.http.W3CHttpResponseCodec.decode(W3CHttpResponseCodec.java:122)
	at org.openqa.selenium.remote.http.W3CHttpResponseCodec.decode(W3CHttpResponseCodec.java:49)
	at org.openqa.selenium.remote.HttpCommandExecutor.execute(HttpCommandExecutor.java:158)
	at org.openqa.selenium.remote.service.DriverCommandExecutor.execute(DriverCommandExecutor.java:83)
	at org.openqa.selenium.remote.RemoteWebDriver.execute(RemoteWebDriver.java:552)
	at org.openqa.selenium.remote.RemoteWebDriver.execute(RemoteWebDriver.java:609)
	at org.openqa.selenium.remote.RemoteWebDriver.getTitle(RemoteWebDriver.java:281)
	at com.test.LoginpageTest.checkLogin(LoginpageTest.java:51)
... Removed 29 stack frames</div></td></tr></table><p class="totop"><a href="#summary">back to summary</a></p>
<h3 id="m8">com.test.LoginpageTest#testPage</h3><table class="result"><tr><th>Exception</th></tr><tr><td><div class="stacktrace">org.openqa.selenium.NoSuchElementException: Cannot locate an element using id=email
For documentation on this error, please visit: https://www.seleniumhq.org/exceptions/no_such_element.html
Build info: version: &apos;3.141.59&apos;, revision: &apos;e82be7d358&apos;, time: &apos;2018-11-14T08:17:03&apos;
System info: host: &apos;DESKTOP-53PPSM5&apos;, ip: &apos;192.168.43.251&apos;, os.name: &apos;Windows 10&apos;, os.arch: &apos;amd64&apos;, os.version: &apos;10.0&apos;, java.version: &apos;1.8.0_144&apos;
Driver info: driver.version: RemoteWebDriver
	at org.openqa.selenium.remote.RemoteWebDriver.findElement(RemoteWebDriver.java:327)
	at org.openqa.selenium.remote.RemoteWebDriver.findElementById(RemoteWebDriver.java:372)
	at org.openqa.selenium.By$ById.findElement(By.java:188)
	at org.openqa.selenium.remote.RemoteWebDriver.findElement(RemoteWebDriver.java:315)
	at org.openqa.selenium.support.pagefactory.DefaultElementLocator.findElement(DefaultElementLocator.java:69)
	at org.openqa.selenium.support.pagefactory.internal.LocatingElementHandler.invoke(LocatingElementHandler.java:38)
	at com.sun.proxy.$Proxy13.sendKeys(Unknown Source)
	at com.pages.LoginPage.validLogin(LoginPage.java:48)
	at com.test.LoginpageTest.testPage(LoginpageTest.java:42)
... Removed 25 stack frames</div></td></tr></table><p class="totop"><a href="#summary">back to summary</a></p>
<h3 id="m9">com.test.UserpgeTest#popuphandling</h3><table class="result"><tr><th>Exception</th></tr><tr><td><div class="stacktrace">org.openqa.selenium.NoAlertPresentException: no such alert
  (Session info: chrome=100.0.4896.88)
Build info: version: &apos;3.141.59&apos;, revision: &apos;e82be7d358&apos;, time: &apos;2018-11-14T08:17:03&apos;
System info: host: &apos;DESKTOP-53PPSM5&apos;, ip: &apos;192.168.43.251&apos;, os.name: &apos;Windows 10&apos;, os.arch: &apos;amd64&apos;, os.version: &apos;10.0&apos;, java.version: &apos;1.8.0_144&apos;
Driver info: org.openqa.selenium.chrome.ChromeDriver
Capabilities {acceptInsecureCerts: false, browserName: chrome, browserVersion: 100.0.4896.88, chrome: {chromedriverVersion: 99.0.4844.51 (d537ec02474b5..., userDataDir: C:\Users\om\AppData\Local\T...}, goog:chromeOptions: {debuggerAddress: localhost:58966}, javascriptEnabled: true, networkConnectionEnabled: false, pageLoadStrategy: normal, platform: WINDOWS, platformName: WINDOWS, proxy: Proxy(), setWindowRect: true, strictFileInteractability: false, timeouts: {implicit: 0, pageLoad: 300000, script: 30000}, unhandledPromptBehavior: dismiss and notify, webauthn:extension:credBlob: true, webauthn:extension:largeBlob: true, webauthn:virtualAuthenticators: true}
Session ID: 28ffae2b02255d2b56842a78e9c87eb4
	at org.openqa.selenium.remote.http.W3CHttpResponseCodec.createException(W3CHttpResponseCodec.java:187)
	at org.openqa.selenium.remote.http.W3CHttpResponseCodec.decode(W3CHttpResponseCodec.java:122)
	at org.openqa.selenium.remote.http.W3CHttpResponseCodec.decode(W3CHttpResponseCodec.java:49)
	at org.openqa.selenium.remote.HttpCommandExecutor.execute(HttpCommandExecutor.java:158)
	at org.openqa.selenium.remote.service.DriverCommandExecutor.execute(DriverCommandExecutor.java:83)
	at org.openqa.selenium.remote.RemoteWebDriver.execute(RemoteWebDriver.java:552)
	at org.openqa.selenium.remote.RemoteWebDriver.execute(RemoteWebDriver.java:609)
	at org.openqa.selenium.remote.RemoteWebDriver$RemoteTargetLocator.alert(RemoteWebDriver.java:932)
	at com.pages.UsersPage.popuphandling(UsersPage.java:91)
	at com.test.UserpgeTest.popuphandling(UserpgeTest.java:53)
... Removed 29 stack frames</div></td></tr></table><p class="totop"><a href="#summary">back to summary</a></p>
<h3 id="m10">com.test.DashboardpageTest#intialisation1</h3><table class="result"><tr><th class="invisible"/></tr></table><p class="totop"><a href="#summary">back to summary</a></p>
<h3 id="m11">com.test.DashboardpageTest#intialisation1</h3><table class="result"><tr><th class="invisible"/></tr></table><p class="totop"><a href="#summary">back to summary</a></p>
<h3 id="m12">com.test.DashboardpageTest#tearDown</h3><table class="result"><tr><th class="invisible"/></tr></table><p class="totop"><a href="#summary">back to summary</a></p>
<h3 id="m13">com.test.DashboardpageTest#tearDown</h3><table class="result"><tr><th class="invisible"/></tr></table><p class="totop"><a href="#summary">back to summary</a></p>
<h3 id="m14">com.test.DownloadPageTest#intialisation1</h3><table class="result"><tr><th class="invisible"/></tr></table><p class="totop"><a href="#summary">back to summary</a></p>
<h3 id="m15">com.test.DownloadPageTest#tearDown</h3><table class="result"><tr><th class="invisible"/></tr></table><p class="totop"><a href="#summary">back to summary</a></p>
<h3 id="m16">com.test.UsefulLinkTest#intialisation1</h3><table class="result"><tr><th class="invisible"/></tr></table><p class="totop"><a href="#summary">back to summary</a></p>
<h3 id="m17">com.test.UsefulLinkTest#tearDown</h3><table class="result"><tr><th class="invisible"/></tr></table><p class="totop"><a href="#summary">back to summary</a></p>
<h3 id="m18">com.test.operatorTest#intialisation1</h3><table class="result"><tr><th class="invisible"/></tr></table><p class="totop"><a href="#summary">back to summary</a></p>
<h3 id="m19">com.test.operatorTest#intialisation1</h3><table class="result"><tr><th class="invisible"/></tr></table><p class="totop"><a href="#summary">back to summary</a></p>
<h3 id="m20">com.test.operatorTest#intialisation1</h3><table class="result"><tr><th class="invisible"/></tr></table><p class="totop"><a href="#summary">back to summary</a></p>
<h3 id="m21">com.test.operatorTest#tearDown</h3><table class="result"><tr><th class="invisible"/></tr></table><p class="totop"><a href="#summary">back to summary</a></p>
<h3 id="m22">com.test.operatorTest#tearDown</h3><table class="result"><tr><th class="invisible"/></tr></table><p class="totop"><a href="#summary">back to summary</a></p>
<h3 id="m23">com.test.operatorTest#tearDown</h3><table class="result"><tr><th class="invisible"/></tr></table><p class="totop"><a href="#summary">back to summary</a></p>
<h3 id="m24">com.test.DashboardpageTest#checkUserPage</h3><table class="result"><tr><th>Exception</th></tr><tr><td><div class="stacktrace">java.lang.NullPointerException
	at com.test.DashboardpageTest.tearDown(DashboardpageTest.java:34)
... Removed 28 stack frames</div></td></tr></table><p class="totop"><a href="#summary">back to summary</a></p>
<h3 id="m25">com.test.DashboardpageTest#windowHandale</h3><table class="result"><tr><th>Exception</th></tr><tr><td><div class="stacktrace">java.lang.NullPointerException
	at com.test.DashboardpageTest.tearDown(DashboardpageTest.java:34)
... Removed 28 stack frames</div></td></tr></table><p class="totop"><a href="#summary">back to summary</a></p>
<h3 id="m26">com.test.DownloadPageTest#windowhandle</h3><table class="result"><tr><th>Exception</th></tr><tr><td><div class="stacktrace">java.lang.NullPointerException
	at com.test.DownloadPageTest.tearDown(DownloadPageTest.java:35)
... Removed 28 stack frames</div></td></tr></table><p class="totop"><a href="#summary">back to summary</a></p>
<h3 id="m27">com.test.UsefulLinkTest#windowHandles</h3><table class="result"><tr><th>Exception</th></tr><tr><td><div class="stacktrace">java.lang.NullPointerException
	at com.test.UsefulLinkTest.tearDown(UsefulLinkTest.java:37)
... Removed 28 stack frames</div></td></tr></table><p class="totop"><a href="#summary">back to summary</a></p>
<h3 id="m28">com.test.operatorTest#checkcontact</h3><table class="result"><tr><th>Exception</th></tr><tr><td><div class="stacktrace">java.lang.NullPointerException
	at com.test.operatorTest.tearDown(operatorTest.java:33)
... Removed 28 stack frames</div></td></tr></table><p class="totop"><a href="#summary">back to summary</a></p>
<h3 id="m29">com.test.operatorTest#technnicalWord</h3><table class="result"><tr><th>Exception</th></tr><tr><td><div class="stacktrace">java.lang.NullPointerException
	at com.test.operatorTest.tearDown(operatorTest.java:33)
... Removed 28 stack frames</div></td></tr></table><p class="totop"><a href="#summary">back to summary</a></p>
<h3 id="m30">com.test.operatorTest#webTablehandlimg</h3><table class="result"><tr><th>Exception</th></tr><tr><td><div class="stacktrace">java.lang.NullPointerException
	at com.test.operatorTest.tearDown(operatorTest.java:33)
... Removed 28 stack frames</div></td></tr></table><p class="totop"><a href="#summary">back to summary</a></p>
<h3 id="m31">com.test.AddUserTest#adduser</h3><table class="result"><tr><th class="invisible"/></tr></table><p class="totop"><a href="#summary">back to summary</a></p>
<h3 id="m32">com.test.DashboardpageTest#checkOperatorPage</h3><table class="result"><tr><th class="invisible"/></tr></table><p class="totop"><a href="#summary">back to summary</a></p>
<h3 id="m33">com.test.DownloadPageTest#seleniumCountCheck</h3><table class="result"><tr><th class="invisible"/></tr></table><p class="totop"><a href="#summary">back to summary</a></p>
<h3 id="m34">com.test.UsefulLinkTest#contentcheck</h3><table class="result"><tr><th class="invisible"/></tr></table><p class="totop"><a href="#summary">back to summary</a></p>
<h3 id="m35">com.test.UserpgeTest#genderChecking</h3><table class="result"><tr><th class="invisible"/></tr></table><p class="totop"><a href="#summary">back to summary</a></p>
<h3 id="m36">com.test.UserpgeTest#webTableHandling1</h3><table class="result"><tr><th class="invisible"/></tr></table><p class="totop"><a href="#summary">back to summary</a></p>
<h3 id="m37">com.test.UserpgeTest#webtblehndling</h3><table class="result"><tr><th class="invisible"/></tr></table><p class="totop"><a href="#summary">back to summary</a></p>
<h3 id="m38">com.test.operatorTest#CheckWhatasppContactOnly</h3><table class="result"><tr><th class="invisible"/></tr></table><p class="totop"><a href="#summary">back to summary</a></p>
</body>
</html>
