<?xml version="1.0" encoding="UTF-8"?>
<testsuite xmlns:xsi="http://www.w3.org/2001/XMLSchema-instance" xsi:noNamespaceSchemaLocation="https://maven.apache.org/surefire/maven-surefire-plugin/xsd/surefire-test-report-3.0.xsd" version="3.0" name="TestSuite" time="103.737" tests="18" errors="0" skipped="0" failures="3">
  <properties>
    <property name="sun.desktop" value="windows"/>
    <property name="awt.toolkit" value="sun.awt.windows.WToolkit"/>
    <property name="file.encoding.pkg" value="sun.io"/>
    <property name="java.specification.version" value="1.8"/>
    <property name="webdriver.chrome.driver" value="D:/chromedriver.exe"/>
    <property name="sun.cpu.isalist" value="amd64"/>
    <property name="sun.jnu.encoding" value="Cp1252"/>
    <property name="java.class.path" value="D:\HandsonSession\POMpractice\target\test-classes;D:\HandsonSession\POMpractice\target\classes;C:\Users\om\.m2\repository\org\seleniumhq\selenium\selenium-java\3.141.59\selenium-java-3.141.59.jar;C:\Users\om\.m2\repository\org\seleniumhq\selenium\selenium-api\3.141.59\selenium-api-3.141.59.jar;C:\Users\om\.m2\repository\org\seleniumhq\selenium\selenium-chrome-driver\3.141.59\selenium-chrome-driver-3.141.59.jar;C:\Users\om\.m2\repository\org\seleniumhq\selenium\selenium-edge-driver\3.141.59\selenium-edge-driver-3.141.59.jar;C:\Users\om\.m2\repository\org\seleniumhq\selenium\selenium-firefox-driver\3.141.59\selenium-firefox-driver-3.141.59.jar;C:\Users\om\.m2\repository\org\seleniumhq\selenium\selenium-ie-driver\3.141.59\selenium-ie-driver-3.141.59.jar;C:\Users\om\.m2\repository\org\seleniumhq\selenium\selenium-opera-driver\3.141.59\selenium-opera-driver-3.141.59.jar;C:\Users\om\.m2\repository\org\seleniumhq\selenium\selenium-remote-driver\3.141.59\selenium-remote-driver-3.141.59.jar;C:\Users\om\.m2\repository\org\seleniumhq\selenium\selenium-safari-driver\3.141.59\selenium-safari-driver-3.141.59.jar;C:\Users\om\.m2\repository\org\seleniumhq\selenium\selenium-support\3.141.59\selenium-support-3.141.59.jar;C:\Users\om\.m2\repository\net\bytebuddy\byte-buddy\1.8.15\byte-buddy-1.8.15.jar;C:\Users\om\.m2\repository\org\apache\commons\commons-exec\1.3\commons-exec-1.3.jar;C:\Users\om\.m2\repository\com\google\guava\guava\25.0-jre\guava-25.0-jre.jar;C:\Users\om\.m2\repository\com\google\code\findbugs\jsr305\1.3.9\jsr305-1.3.9.jar;C:\Users\om\.m2\repository\org\checkerframework\checker-compat-qual\2.0.0\checker-compat-qual-2.0.0.jar;C:\Users\om\.m2\repository\com\google\errorprone\error_prone_annotations\2.1.3\error_prone_annotations-2.1.3.jar;C:\Users\om\.m2\repository\com\google\j2objc\j2objc-annotations\1.1\j2objc-annotations-1.1.jar;C:\Users\om\.m2\repository\org\codehaus\mojo\animal-sniffer-annotations\1.14\animal-sniffer-annotations-1.14.jar;C:\Users\om\.m2\repository\com\squareup\okhttp3\okhttp\3.11.0\okhttp-3.11.0.jar;C:\Users\om\.m2\repository\com\squareup\okio\okio\1.14.0\okio-1.14.0.jar;C:\Users\om\.m2\repository\org\testng\testng\6.14.3\testng-6.14.3.jar;C:\Users\om\.m2\repository\com\beust\jcommander\1.72\jcommander-1.72.jar;C:\Users\om\.m2\repository\org\apache-extras\beanshell\bsh\2.0b6\bsh-2.0b6.jar;C:\Users\om\.m2\repository\log4j\log4j\1.2.17\log4j-1.2.17.jar;C:\Users\om\.m2\repository\commons-io\commons-io\2.11.0\commons-io-2.11.0.jar;C:\Users\om\.m2\repository\org\apache\poi\poi\3.17\poi-3.17.jar;C:\Users\om\.m2\repository\commons-codec\commons-codec\1.10\commons-codec-1.10.jar;C:\Users\om\.m2\repository\org\apache\commons\commons-collections4\4.1\commons-collections4-4.1.jar;C:\Users\om\.m2\repository\org\apache\poi\poi-ooxml\3.17\poi-ooxml-3.17.jar;C:\Users\om\.m2\repository\org\apache\poi\poi-ooxml-schemas\3.17\poi-ooxml-schemas-3.17.jar;C:\Users\om\.m2\repository\org\apache\xmlbeans\xmlbeans\2.6.0\xmlbeans-2.6.0.jar;C:\Users\om\.m2\repository\stax\stax-api\1.0.1\stax-api-1.0.1.jar;C:\Users\om\.m2\repository\com\github\virtuald\curvesapi\1.04\curvesapi-1.04.jar;C:\Users\om\.m2\repository\com\aventstack\extentreports\5.0.8\extentreports-5.0.8.jar;C:\Users\om\.m2\repository\io\reactivex\rxjava3\rxjava\3.0.4\rxjava-3.0.4.jar;C:\Users\om\.m2\repository\org\reactivestreams\reactive-streams\1.0.3\reactive-streams-1.0.3.jar;C:\Users\om\.m2\repository\org\freemarker\freemarker\2.3.30\freemarker-2.3.30.jar;C:\Users\om\.m2\repository\org\projectlombok\lombok\1.18.12\lombok-1.18.12.jar;C:\Users\om\.m2\repository\com\google\code\gson\gson\2.8.6\gson-2.8.6.jar;"/>
    <property name="java.vm.vendor" value="Oracle Corporation"/>
    <property name="sun.arch.data.model" value="64"/>
    <property name="user.variant" value=""/>
    <property name="java.vendor.url" value="http://java.oracle.com/"/>
    <property name="user.timezone" value="Asia/Calcutta"/>
    <property name="java.vm.specification.version" value="1.8"/>
    <property name="os.name" value="Windows 10"/>
    <property name="user.country" value="US"/>
    <property name="sun.java.launcher" value="SUN_STANDARD"/>
    <property name="sun.boot.library.path" value="C:\Program Files\Java\jre1.8.0_144\bin"/>
    <property name="sun.java.command" value="C:\Users\om\AppData\Local\Temp\surefire7225761272666803472\surefirebooter5681322234590474292.jar C:\Users\om\AppData\Local\Temp\surefire7225761272666803472 2022-04-13T17-10-58_946-jvmRun1 surefire163032180527663567tmp surefire_07506575470389322968tmp"/>
    <property name="surefire.test.class.path" value="D:\HandsonSession\POMpractice\target\test-classes;D:\HandsonSession\POMpractice\target\classes;C:\Users\om\.m2\repository\org\seleniumhq\selenium\selenium-java\3.141.59\selenium-java-3.141.59.jar;C:\Users\om\.m2\repository\org\seleniumhq\selenium\selenium-api\3.141.59\selenium-api-3.141.59.jar;C:\Users\om\.m2\repository\org\seleniumhq\selenium\selenium-chrome-driver\3.141.59\selenium-chrome-driver-3.141.59.jar;C:\Users\om\.m2\repository\org\seleniumhq\selenium\selenium-edge-driver\3.141.59\selenium-edge-driver-3.141.59.jar;C:\Users\om\.m2\repository\org\seleniumhq\selenium\selenium-firefox-driver\3.141.59\selenium-firefox-driver-3.141.59.jar;C:\Users\om\.m2\repository\org\seleniumhq\selenium\selenium-ie-driver\3.141.59\selenium-ie-driver-3.141.59.jar;C:\Users\om\.m2\repository\org\seleniumhq\selenium\selenium-opera-driver\3.141.59\selenium-opera-driver-3.141.59.jar;C:\Users\om\.m2\repository\org\seleniumhq\selenium\selenium-remote-driver\3.141.59\selenium-remote-driver-3.141.59.jar;C:\Users\om\.m2\repository\org\seleniumhq\selenium\selenium-safari-driver\3.141.59\selenium-safari-driver-3.141.59.jar;C:\Users\om\.m2\repository\org\seleniumhq\selenium\selenium-support\3.141.59\selenium-support-3.141.59.jar;C:\Users\om\.m2\repository\net\bytebuddy\byte-buddy\1.8.15\byte-buddy-1.8.15.jar;C:\Users\om\.m2\repository\org\apache\commons\commons-exec\1.3\commons-exec-1.3.jar;C:\Users\om\.m2\repository\com\google\guava\guava\25.0-jre\guava-25.0-jre.jar;C:\Users\om\.m2\repository\com\google\code\findbugs\jsr305\1.3.9\jsr305-1.3.9.jar;C:\Users\om\.m2\repository\org\checkerframework\checker-compat-qual\2.0.0\checker-compat-qual-2.0.0.jar;C:\Users\om\.m2\repository\com\google\errorprone\error_prone_annotations\2.1.3\error_prone_annotations-2.1.3.jar;C:\Users\om\.m2\repository\com\google\j2objc\j2objc-annotations\1.1\j2objc-annotations-1.1.jar;C:\Users\om\.m2\repository\org\codehaus\mojo\animal-sniffer-annotations\1.14\animal-sniffer-annotations-1.14.jar;C:\Users\om\.m2\repository\com\squareup\okhttp3\okhttp\3.11.0\okhttp-3.11.0.jar;C:\Users\om\.m2\repository\com\squareup\okio\okio\1.14.0\okio-1.14.0.jar;C:\Users\om\.m2\repository\org\testng\testng\6.14.3\testng-6.14.3.jar;C:\Users\om\.m2\repository\com\beust\jcommander\1.72\jcommander-1.72.jar;C:\Users\om\.m2\repository\org\apache-extras\beanshell\bsh\2.0b6\bsh-2.0b6.jar;C:\Users\om\.m2\repository\log4j\log4j\1.2.17\log4j-1.2.17.jar;C:\Users\om\.m2\repository\commons-io\commons-io\2.11.0\commons-io-2.11.0.jar;C:\Users\om\.m2\repository\org\apache\poi\poi\3.17\poi-3.17.jar;C:\Users\om\.m2\repository\commons-codec\commons-codec\1.10\commons-codec-1.10.jar;C:\Users\om\.m2\repository\org\apache\commons\commons-collections4\4.1\commons-collections4-4.1.jar;C:\Users\om\.m2\repository\org\apache\poi\poi-ooxml\3.17\poi-ooxml-3.17.jar;C:\Users\om\.m2\repository\org\apache\poi\poi-ooxml-schemas\3.17\poi-ooxml-schemas-3.17.jar;C:\Users\om\.m2\repository\org\apache\xmlbeans\xmlbeans\2.6.0\xmlbeans-2.6.0.jar;C:\Users\om\.m2\repository\stax\stax-api\1.0.1\stax-api-1.0.1.jar;C:\Users\om\.m2\repository\com\github\virtuald\curvesapi\1.04\curvesapi-1.04.jar;C:\Users\om\.m2\repository\com\aventstack\extentreports\5.0.8\extentreports-5.0.8.jar;C:\Users\om\.m2\repository\io\reactivex\rxjava3\rxjava\3.0.4\rxjava-3.0.4.jar;C:\Users\om\.m2\repository\org\reactivestreams\reactive-streams\1.0.3\reactive-streams-1.0.3.jar;C:\Users\om\.m2\repository\org\freemarker\freemarker\2.3.30\freemarker-2.3.30.jar;C:\Users\om\.m2\repository\org\projectlombok\lombok\1.18.12\lombok-1.18.12.jar;C:\Users\om\.m2\repository\com\google\code\gson\gson\2.8.6\gson-2.8.6.jar;"/>
    <property name="sun.cpu.endian" value="little"/>
    <property name="user.home" value="C:\Users\om"/>
    <property name="user.language" value="en"/>
    <property name="java.specification.vendor" value="Oracle Corporation"/>
    <property name="java.home" value="C:\Program Files\Java\jre1.8.0_144"/>
    <property name="basedir" value="D:\HandsonSession\POMpractice"/>
    <property name="file.separator" value="\"/>
    <property name="line.separator" value="&#10;"/>
    <property name="java.vm.specification.vendor" value="Oracle Corporation"/>
    <property name="java.specification.name" value="Java Platform API Specification"/>
    <property name="java.awt.graphicsenv" value="sun.awt.Win32GraphicsEnvironment"/>
    <property name="surefire.real.class.path" value="C:\Users\om\AppData\Local\Temp\surefire7225761272666803472\surefirebooter5681322234590474292.jar"/>
    <property name="sun.boot.class.path" value="C:\Program Files\Java\jre1.8.0_144\lib\resources.jar;C:\Program Files\Java\jre1.8.0_144\lib\rt.jar;C:\Program Files\Java\jre1.8.0_144\lib\sunrsasign.jar;C:\Program Files\Java\jre1.8.0_144\lib\jsse.jar;C:\Program Files\Java\jre1.8.0_144\lib\jce.jar;C:\Program Files\Java\jre1.8.0_144\lib\charsets.jar;C:\Program Files\Java\jre1.8.0_144\lib\jfr.jar;C:\Program Files\Java\jre1.8.0_144\classes"/>
    <property name="user.script" value=""/>
    <property name="sun.management.compiler" value="HotSpot 64-Bit Tiered Compilers"/>
    <property name="java.runtime.version" value="1.8.0_144-b01"/>
    <property name="user.name" value="om"/>
    <property name="path.separator" value=";"/>
    <property name="os.version" value="10.0"/>
    <property name="java.endorsed.dirs" value="C:\Program Files\Java\jre1.8.0_144\lib\endorsed"/>
    <property name="java.runtime.name" value="Java(TM) SE Runtime Environment"/>
    <property name="file.encoding" value="Cp1252"/>
    <property name="java.vm.name" value="Java HotSpot(TM) 64-Bit Server VM"/>
    <property name="localRepository" value="C:\Users\om\.m2\repository"/>
    <property name="java.vendor.url.bug" value="http://bugreport.sun.com/bugreport/"/>
    <property name="java.io.tmpdir" value="C:\Users\om\AppData\Local\Temp\"/>
    <property name="java.version" value="1.8.0_144"/>
    <property name="user.dir" value="D:\HandsonSession\POMpractice"/>
    <property name="os.arch" value="amd64"/>
    <property name="java.vm.specification.name" value="Java Virtual Machine Specification"/>
    <property name="java.awt.printerjob" value="sun.awt.windows.WPrinterJob"/>
    <property name="sun.os.patch.level" value=""/>
    <property name="java.library.path" value="C:\Program Files\Java\jre1.8.0_144\bin;C:\Windows\Sun\Java\bin;C:\Windows\system32;C:\Windows;C:/Program Files/Java/jre1.8.0_144/bin/server;C:/Program Files/Java/jre1.8.0_144/bin;C:/Program Files/Java/jre1.8.0_144/lib/amd64;C:\ProgramData\Oracle\Java\javapath;C:\Windows\system32;C:\Windows;C:\Windows\System32\Wbem;C:\Windows\System32\WindowsPowerShell\v1.0\;C:\Windows\System32\OpenSSH\;C:\Program Files\Common Files\Autodesk Shared\;C:\Program Files\Git\cmd;C:\Program Files\MySQL\MySQL Shell 8.0\bin\;C:\Users\om\AppData\Local\Microsoft\WindowsApps;;E:\java\JBK Eclipse Configured 64-bit\eclipse Mars-2 64-bit;;."/>
    <property name="java.vm.info" value="mixed mode"/>
    <property name="java.vendor" value="Oracle Corporation"/>
    <property name="java.vm.version" value="25.144-b01"/>
    <property name="java.ext.dirs" value="C:\Program Files\Java\jre1.8.0_144\lib\ext;C:\Windows\Sun\Java\lib\ext"/>
    <property name="sun.io.unicode.encoding" value="UnicodeLittle"/>
    <property name="java.class.version" value="52.0"/>
  </properties>
  <testcase name="genderChecking" classname="com.test.UserpgeTest" time="1.231">
    <system-out><![CDATA[04-13-2022 17:11:01 PropertiesUtilities.java INFO  [main] TestBase 12 - reading a property file for a keybrowser
04-13-2022 17:11:01 PropertiesUtilities.java INFO  [main] TestBase 23 - value assigned for the key is found as>>chrome
intialising browser
04-13-2022 17:11:01 TestBase.java INFO  [main] TestBase 31 - intialising browser
04-13-2022 17:11:04 PropertiesUtilities.java INFO  [main] TestBase 12 - reading a property file for a keyurl
04-13-2022 17:11:04 PropertiesUtilities.java INFO  [main] TestBase 23 - value assigned for the key is found as>>file:///E:/selenium/javabykiran-Selenium-Softwares/Offline%20Website/index.html
04-13-2022 17:11:06 PropertiesUtilities.java INFO  [main] TestBase 12 - reading a property file for a keybrowser
04-13-2022 17:11:06 PropertiesUtilities.java INFO  [main] TestBase 23 - value assigned for the key is found as>>chrome
intialising browser
04-13-2022 17:11:06 TestBase.java INFO  [main] TestBase 31 - intialising browser
04-13-2022 17:11:08 PropertiesUtilities.java INFO  [main] TestBase 12 - reading a property file for a keyurl
04-13-2022 17:11:08 PropertiesUtilities.java INFO  [main] TestBase 23 - value assigned for the key is found as>>file:///E:/selenium/javabykiran-Selenium-Softwares/Offline%20Website/index.html
Total no of Male  candiate is >> 2
]]></system-out>
    <system-err><![CDATA[Starting ChromeDriver 99.0.4844.51 (d537ec02474b5afe23684e7963d538896c63ac77-refs/branch-heads/4844@{#875}) on port 36198
Only local connections are allowed.
Please see https://chromedriver.chromium.org/security-considerations for suggestions on keeping ChromeDriver safe.
ChromeDriver was started successfully.
[1649850064.106][WARNING]: This version of ChromeDriver has not been tested with Chrome version 100.
Apr 13, 2022 5:11:04 PM org.openqa.selenium.remote.ProtocolHandshake createSession
INFO: Detected dialect: W3C
Starting ChromeDriver 99.0.4844.51 (d537ec02474b5afe23684e7963d538896c63ac77-refs/branch-heads/4844@{#875}) on port 42469
Only local connections are allowed.
Please see https://chromedriver.chromium.org/security-considerations for suggestions on keeping ChromeDriver safe.
ChromeDriver was started successfully.
[1649850067.979][WARNING]: This version of ChromeDriver has not been tested with Chrome version 100.
Apr 13, 2022 5:11:08 PM org.openqa.selenium.remote.ProtocolHandshake createSession
INFO: Detected dialect: W3C
]]></system-err>
  </testcase>
  <testcase name="popuphandling" classname="com.test.UserpgeTest" time="0.159">
    <failure message="no such alert&#10;  (Session info: chrome=100.0.4896.88)&#10;Build info: version: &apos;3.141.59&apos;, revision: &apos;e82be7d358&apos;, time: &apos;2018-11-14T08:17:03&apos;&#10;System info: host: &apos;DESKTOP-53PPSM5&apos;, ip: &apos;192.168.43.251&apos;, os.name: &apos;Windows 10&apos;, os.arch: &apos;amd64&apos;, os.version: &apos;10.0&apos;, java.version: &apos;1.8.0_144&apos;&#10;Driver info: org.openqa.selenium.chrome.ChromeDriver&#10;Capabilities {acceptInsecureCerts: false, browserName: chrome, browserVersion: 100.0.4896.88, chrome: {chromedriverVersion: 99.0.4844.51 (d537ec02474b5..., userDataDir: C:\Users\om\AppData\Local\T...}, goog:chromeOptions: {debuggerAddress: localhost:60243}, javascriptEnabled: true, networkConnectionEnabled: false, pageLoadStrategy: normal, platform: WINDOWS, platformName: WINDOWS, proxy: Proxy(), setWindowRect: true, strictFileInteractability: false, timeouts: {implicit: 0, pageLoad: 300000, script: 30000}, unhandledPromptBehavior: dismiss and notify, webauthn:extension:credBlob: true, webauthn:extension:largeBlob: true, webauthn:virtualAuthenticators: true}&#10;Session ID: 3076372d6cee6246fe131088d62c5f62" type="org.openqa.selenium.NoAlertPresentException"><![CDATA[org.openqa.selenium.NoAlertPresentException: 
no such alert
  (Session info: chrome=100.0.4896.88)
Build info: version: '3.141.59', revision: 'e82be7d358', time: '2018-11-14T08:17:03'
System info: host: 'DESKTOP-53PPSM5', ip: '192.168.43.251', os.name: 'Windows 10', os.arch: 'amd64', os.version: '10.0', java.version: '1.8.0_144'
Driver info: org.openqa.selenium.chrome.ChromeDriver
Capabilities {acceptInsecureCerts: false, browserName: chrome, browserVersion: 100.0.4896.88, chrome: {chromedriverVersion: 99.0.4844.51 (d537ec02474b5..., userDataDir: C:\Users\om\AppData\Local\T...}, goog:chromeOptions: {debuggerAddress: localhost:60243}, javascriptEnabled: true, networkConnectionEnabled: false, pageLoadStrategy: normal, platform: WINDOWS, platformName: WINDOWS, proxy: Proxy(), setWindowRect: true, strictFileInteractability: false, timeouts: {implicit: 0, pageLoad: 300000, script: 30000}, unhandledPromptBehavior: dismiss and notify, webauthn:extension:credBlob: true, webauthn:extension:largeBlob: true, webauthn:virtualAuthenticators: true}
Session ID: 3076372d6cee6246fe131088d62c5f62
	at com.test.UserpgeTest.popuphandling(UserpgeTest.java:53)
]]></failure>
  </testcase>
  <testcase name="webTableHandling1" classname="com.test.UserpgeTest" time="0.192">
    <system-out><![CDATA[monica is registered for the course is>> Python
]]></system-out>
  </testcase>
  <testcase name="webtblehndling" classname="com.test.UserpgeTest" time="0.94">
    <system-out><![CDATA[1    Kiran    kiran@gmail.com    9898989898    Java/J2EE    Male    Maharashtra    Delete    
2    Sagar    sagar@javabykiran.com    999999999    Selenium    Male    Punjab    Delete    
3    Monica    monica@gmail.com    1111111111    Python    Female1    Maharashtra    Delete    
4    Kimaya    kimaya@gmail.com    999999999    PHP    Female    Punjab    Delete    
]]></system-out>
  </testcase>
  <testcase name="seleniumCountCheck" classname="com.test.DownloadPageTest" time="0.326">
    <system-out><![CDATA[04-13-2022 17:11:15 PropertiesUtilities.java INFO  [main] TestBase 12 - reading a property file for a keybrowser
04-13-2022 17:11:15 PropertiesUtilities.java INFO  [main] TestBase 23 - value assigned for the key is found as>>chrome
intialising browser
04-13-2022 17:11:15 TestBase.java INFO  [main] TestBase 31 - intialising browser
04-13-2022 17:11:17 PropertiesUtilities.java INFO  [main] TestBase 12 - reading a property file for a keyurl
04-13-2022 17:11:17 PropertiesUtilities.java INFO  [main] TestBase 23 - value assigned for the key is found as>>file:///E:/selenium/javabykiran-Selenium-Softwares/Offline%20Website/index.html
The selenium is on the number of >>02
The selenium is on the number of >>03
Total no of selenium vendors>>2
]]></system-out>
    <system-err><![CDATA[Starting ChromeDriver 99.0.4844.51 (d537ec02474b5afe23684e7963d538896c63ac77-refs/branch-heads/4844@{#875}) on port 11191
Only local connections are allowed.
Please see https://chromedriver.chromium.org/security-considerations for suggestions on keeping ChromeDriver safe.
ChromeDriver was started successfully.
[1649850077.185][WARNING]: This version of ChromeDriver has not been tested with Chrome version 100.
Apr 13, 2022 5:11:17 PM org.openqa.selenium.remote.ProtocolHandshake createSession
INFO: Detected dialect: W3C
]]></system-err>
  </testcase>
  <testcase name="windowhandle" classname="com.test.DownloadPageTest" time="1.903">
    <system-out><![CDATA[04-13-2022 17:11:22 PropertiesUtilities.java INFO  [main] TestBase 12 - reading a property file for a keybrowser
04-13-2022 17:11:22 PropertiesUtilities.java INFO  [main] TestBase 23 - value assigned for the key is found as>>chrome
intialising browser
04-13-2022 17:11:22 TestBase.java INFO  [main] TestBase 31 - intialising browser
04-13-2022 17:11:24 PropertiesUtilities.java INFO  [main] TestBase 12 - reading a property file for a keyurl
04-13-2022 17:11:24 PropertiesUtilities.java INFO  [main] TestBase 23 - value assigned for the key is found as>>file:///E:/selenium/javabykiran-Selenium-Softwares/Offline%20Website/index.html
CDwindow-684003209562A240D29263C232724CC0
]]></system-out>
    <system-err><![CDATA[Starting ChromeDriver 99.0.4844.51 (d537ec02474b5afe23684e7963d538896c63ac77-refs/branch-heads/4844@{#875}) on port 29087
Only local connections are allowed.
Please see https://chromedriver.chromium.org/security-considerations for suggestions on keeping ChromeDriver safe.
ChromeDriver was started successfully.
[1649850084.066][WARNING]: This version of ChromeDriver has not been tested with Chrome version 100.
Apr 13, 2022 5:11:24 PM org.openqa.selenium.remote.ProtocolHandshake createSession
INFO: Detected dialect: W3C
]]></system-err>
  </testcase>
  <testcase name="adduser" classname="com.test.AddUserTest" time="3.872">
    <system-out><![CDATA[04-13-2022 17:11:30 PropertiesUtilities.java INFO  [main] TestBase 12 - reading a property file for a keybrowser
04-13-2022 17:11:30 PropertiesUtilities.java INFO  [main] TestBase 23 - value assigned for the key is found as>>chrome
intialising browser
04-13-2022 17:11:30 TestBase.java INFO  [main] TestBase 31 - intialising browser
04-13-2022 17:11:32 PropertiesUtilities.java INFO  [main] TestBase 12 - reading a property file for a keyurl
04-13-2022 17:11:32 PropertiesUtilities.java INFO  [main] TestBase 23 - value assigned for the key is found as>>file:///E:/selenium/javabykiran-Selenium-Softwares/Offline%20Website/index.html
]]></system-out>
    <system-err><![CDATA[Starting ChromeDriver 99.0.4844.51 (d537ec02474b5afe23684e7963d538896c63ac77-refs/branch-heads/4844@{#875}) on port 40145
Only local connections are allowed.
Please see https://chromedriver.chromium.org/security-considerations for suggestions on keeping ChromeDriver safe.
ChromeDriver was started successfully.
[1649850092.242][WARNING]: This version of ChromeDriver has not been tested with Chrome version 100.
Apr 13, 2022 5:11:32 PM org.openqa.selenium.remote.ProtocolHandshake createSession
INFO: Detected dialect: W3C
]]></system-err>
  </testcase>
  <testcase name="CheckWhatasppContactOnly" classname="com.test.operatorTest" time="0.234">
    <system-out><![CDATA[04-13-2022 17:11:41 PropertiesUtilities.java INFO  [main] TestBase 12 - reading a property file for a keybrowser
04-13-2022 17:11:41 PropertiesUtilities.java INFO  [main] TestBase 23 - value assigned for the key is found as>>chrome
intialising browser
04-13-2022 17:11:41 TestBase.java INFO  [main] TestBase 31 - intialising browser
04-13-2022 17:11:42 PropertiesUtilities.java INFO  [main] TestBase 12 - reading a property file for a keyurl
04-13-2022 17:11:42 PropertiesUtilities.java INFO  [main] TestBase 23 - value assigned for the key is found as>>file:///E:/selenium/javabykiran-Selenium-Softwares/Offline%20Website/index.html
Whats App only contain only this person>>Kiran
Whats App only contain only this person>>Darshit
The only whatsapp users>>2
]]></system-out>
    <system-err><![CDATA[Starting ChromeDriver 99.0.4844.51 (d537ec02474b5afe23684e7963d538896c63ac77-refs/branch-heads/4844@{#875}) on port 9876
Only local connections are allowed.
Please see https://chromedriver.chromium.org/security-considerations for suggestions on keeping ChromeDriver safe.
ChromeDriver was started successfully.
[1649850102.748][WARNING]: This version of ChromeDriver has not been tested with Chrome version 100.
Apr 13, 2022 5:11:42 PM org.openqa.selenium.remote.ProtocolHandshake createSession
INFO: Detected dialect: W3C
]]></system-err>
  </testcase>
  <testcase name="checkcontact" classname="com.test.operatorTest" time="0.251">
    <system-out><![CDATA[04-13-2022 17:11:47 PropertiesUtilities.java INFO  [main] TestBase 12 - reading a property file for a keybrowser
04-13-2022 17:11:47 PropertiesUtilities.java INFO  [main] TestBase 23 - value assigned for the key is found as>>chrome
intialising browser
04-13-2022 17:11:47 TestBase.java INFO  [main] TestBase 31 - intialising browser
04-13-2022 17:11:49 PropertiesUtilities.java INFO  [main] TestBase 12 - reading a property file for a keyurl
04-13-2022 17:11:49 PropertiesUtilities.java INFO  [main] TestBase 23 - value assigned for the key is found as>>file:///E:/selenium/javabykiran-Selenium-Softwares/Offline%20Website/index.html
Whats App phone call sms email contain only this person>>Neelam
Whats App phone call sms email contain only this person>>Seema
Whats App phone call sms email contain only this person>>Varsha
All contact users>>3
]]></system-out>
    <system-err><![CDATA[Starting ChromeDriver 99.0.4844.51 (d537ec02474b5afe23684e7963d538896c63ac77-refs/branch-heads/4844@{#875}) on port 27800
Only local connections are allowed.
Please see https://chromedriver.chromium.org/security-considerations for suggestions on keeping ChromeDriver safe.
ChromeDriver was started successfully.
[1649850108.942][WARNING]: This version of ChromeDriver has not been tested with Chrome version 100.
Apr 13, 2022 5:11:48 PM org.openqa.selenium.remote.ProtocolHandshake createSession
INFO: Detected dialect: W3C
]]></system-err>
  </testcase>
  <testcase name="technnicalWord" classname="com.test.operatorTest" time="0.456">
    <system-out><![CDATA[04-13-2022 17:11:55 PropertiesUtilities.java INFO  [main] TestBase 12 - reading a property file for a keybrowser
04-13-2022 17:11:55 PropertiesUtilities.java INFO  [main] TestBase 23 - value assigned for the key is found as>>chrome
intialising browser
04-13-2022 17:11:55 TestBase.java INFO  [main] TestBase 31 - intialising browser
04-13-2022 17:11:57 PropertiesUtilities.java INFO  [main] TestBase 12 - reading a property file for a keyurl
04-13-2022 17:11:57 PropertiesUtilities.java INFO  [main] TestBase 23 - value assigned for the key is found as>>file:///E:/selenium/javabykiran-Selenium-Softwares/Offline%20Website/index.html
Call for these techacical person for technical query >>Kiran
Call for these techacical person timing and day >>07:00 AM to 10:00 PM Monday-Sunday
the number for these person9552343698
..........................................................
Call for these techacical person for technical query >>Neelam
Call for these techacical person timing and day >>09:00 AM to 06:00 PM Monday-Saturday
the number for these person7066885937
..........................................................
..........................................................
..........................................................
Call for these techacical person for technical query >>Darshit
Call for these techacical person timing and day >>08:30 AM to 02:00 PM Saturday-Sunday
the number for these person8866888662
..........................................................
All contact techanical person>>3
]]></system-out>
    <system-err><![CDATA[Starting ChromeDriver 99.0.4844.51 (d537ec02474b5afe23684e7963d538896c63ac77-refs/branch-heads/4844@{#875}) on port 14105
Only local connections are allowed.
Please see https://chromedriver.chromium.org/security-considerations for suggestions on keeping ChromeDriver safe.
ChromeDriver was started successfully.
[1649850116.881][WARNING]: This version of ChromeDriver has not been tested with Chrome version 100.
Apr 13, 2022 5:11:56 PM org.openqa.selenium.remote.ProtocolHandshake createSession
INFO: Detected dialect: W3C
]]></system-err>
  </testcase>
  <testcase name="webTablehandlimg" classname="com.test.operatorTest" time="0.982">
    <system-out><![CDATA[04-13-2022 17:12:02 PropertiesUtilities.java INFO  [main] TestBase 12 - reading a property file for a keybrowser
04-13-2022 17:12:02 PropertiesUtilities.java INFO  [main] TestBase 23 - value assigned for the key is found as>>chrome
intialising browser
04-13-2022 17:12:02 TestBase.java INFO  [main] TestBase 31 - intialising browser
04-13-2022 17:12:04 PropertiesUtilities.java INFO  [main] TestBase 12 - reading a property file for a keyurl
04-13-2022 17:12:04 PropertiesUtilities.java INFO  [main] TestBase 23 - value assigned for the key is found as>>file:///E:/selenium/javabykiran-Selenium-Softwares/Offline%20Website/index.html
01    Kiran    Urgent Technical Help    Whats App Only    9552343698    07:00 AM to 10:00 PM Monday-Sunday    
02    Neelam    Technical Discussion (Errors, Software, Technical Materials)    Whats App Phone Call SMS eMail    7066885937    09:00 AM to 06:00 PM Monday-Saturday    
03    Seema    Administration (Fees, ID Card, Certificates, WhatsApp Group, Enquiry)    Whats App Phone Call SMS eMail    8888558802    09:00 AM to 06:00 PM Monday-Saturday    
04    Varsha    Enquiry(Course Details, Fees, Enquiry)    Whats App Phone Call SMS eMail    8888809416    09:00 AM to 06:00 PM Monday to Friday and Sunday    
05    Darshit    Technical Help    Whats App Only    8866888662    08:30 AM to 02:00 PM Saturday-Sunday    
]]></system-out>
    <system-err><![CDATA[Starting ChromeDriver 99.0.4844.51 (d537ec02474b5afe23684e7963d538896c63ac77-refs/branch-heads/4844@{#875}) on port 47155
Only local connections are allowed.
Please see https://chromedriver.chromium.org/security-considerations for suggestions on keeping ChromeDriver safe.
ChromeDriver was started successfully.
[1649850124.340][WARNING]: This version of ChromeDriver has not been tested with Chrome version 100.
Apr 13, 2022 5:12:04 PM org.openqa.selenium.remote.ProtocolHandshake createSession
INFO: Detected dialect: W3C
]]></system-err>
  </testcase>
  <testcase name="checkOperatorPage" classname="com.test.DashboardpageTest" time="0.207">
    <system-out><![CDATA[04-13-2022 17:12:10 PropertiesUtilities.java INFO  [main] TestBase 12 - reading a property file for a keybrowser
04-13-2022 17:12:10 PropertiesUtilities.java INFO  [main] TestBase 23 - value assigned for the key is found as>>chrome
intialising browser
04-13-2022 17:12:10 TestBase.java INFO  [main] TestBase 31 - intialising browser
04-13-2022 17:12:12 PropertiesUtilities.java INFO  [main] TestBase 12 - reading a property file for a keyurl
04-13-2022 17:12:12 PropertiesUtilities.java INFO  [main] TestBase 23 - value assigned for the key is found as>>file:///E:/selenium/javabykiran-Selenium-Softwares/Offline%20Website/index.html
]]></system-out>
    <system-err><![CDATA[Starting ChromeDriver 99.0.4844.51 (d537ec02474b5afe23684e7963d538896c63ac77-refs/branch-heads/4844@{#875}) on port 29374
Only local connections are allowed.
Please see https://chromedriver.chromium.org/security-considerations for suggestions on keeping ChromeDriver safe.
ChromeDriver was started successfully.
[1649850131.778][WARNING]: This version of ChromeDriver has not been tested with Chrome version 100.
Apr 13, 2022 5:12:11 PM org.openqa.selenium.remote.ProtocolHandshake createSession
INFO: Detected dialect: W3C
]]></system-err>
  </testcase>
  <testcase name="checkUserPage" classname="com.test.DashboardpageTest" time="0.253">
    <system-out><![CDATA[04-13-2022 17:12:16 PropertiesUtilities.java INFO  [main] TestBase 12 - reading a property file for a keybrowser
04-13-2022 17:12:16 PropertiesUtilities.java INFO  [main] TestBase 23 - value assigned for the key is found as>>chrome
intialising browser
04-13-2022 17:12:16 TestBase.java INFO  [main] TestBase 31 - intialising browser
04-13-2022 17:12:18 PropertiesUtilities.java INFO  [main] TestBase 12 - reading a property file for a keyurl
04-13-2022 17:12:18 PropertiesUtilities.java INFO  [main] TestBase 23 - value assigned for the key is found as>>file:///E:/selenium/javabykiran-Selenium-Softwares/Offline%20Website/index.html
]]></system-out>
    <system-err><![CDATA[Starting ChromeDriver 99.0.4844.51 (d537ec02474b5afe23684e7963d538896c63ac77-refs/branch-heads/4844@{#875}) on port 47942
Only local connections are allowed.
Please see https://chromedriver.chromium.org/security-considerations for suggestions on keeping ChromeDriver safe.
ChromeDriver was started successfully.
[1649850137.966][WARNING]: This version of ChromeDriver has not been tested with Chrome version 100.
Apr 13, 2022 5:12:17 PM org.openqa.selenium.remote.ProtocolHandshake createSession
INFO: Detected dialect: W3C
]]></system-err>
  </testcase>
  <testcase name="windowHandale" classname="com.test.DashboardpageTest" time="1.002">
    <system-out><![CDATA[04-13-2022 17:12:23 PropertiesUtilities.java INFO  [main] TestBase 12 - reading a property file for a keybrowser
04-13-2022 17:12:23 PropertiesUtilities.java INFO  [main] TestBase 23 - value assigned for the key is found as>>chrome
intialising browser
04-13-2022 17:12:23 TestBase.java INFO  [main] TestBase 31 - intialising browser
04-13-2022 17:12:24 PropertiesUtilities.java INFO  [main] TestBase 12 - reading a property file for a keyurl
04-13-2022 17:12:24 PropertiesUtilities.java INFO  [main] TestBase 23 - value assigned for the key is found as>>file:///E:/selenium/javabykiran-Selenium-Softwares/Offline%20Website/index.html
CDwindow-832E67A0568FF4D42AAD57AA985A5506
]]></system-out>
    <system-err><![CDATA[Starting ChromeDriver 99.0.4844.51 (d537ec02474b5afe23684e7963d538896c63ac77-refs/branch-heads/4844@{#875}) on port 26881
Only local connections are allowed.
Please see https://chromedriver.chromium.org/security-considerations for suggestions on keeping ChromeDriver safe.
ChromeDriver was started successfully.
[1649850144.561][WARNING]: This version of ChromeDriver has not been tested with Chrome version 100.
Apr 13, 2022 5:12:24 PM org.openqa.selenium.remote.ProtocolHandshake createSession
INFO: Detected dialect: W3C
]]></system-err>
  </testcase>
  <testcase name="contentcheck" classname="com.test.UsefulLinkTest" time="0.263">
    <system-out><![CDATA[04-13-2022 17:12:30 PropertiesUtilities.java INFO  [main] TestBase 12 - reading a property file for a keybrowser
04-13-2022 17:12:30 PropertiesUtilities.java INFO  [main] TestBase 23 - value assigned for the key is found as>>chrome
intialising browser
04-13-2022 17:12:30 TestBase.java INFO  [main] TestBase 31 - intialising browser
04-13-2022 17:12:31 PropertiesUtilities.java INFO  [main] TestBase 12 - reading a property file for a keyurl
04-13-2022 17:12:31 PropertiesUtilities.java INFO  [main] TestBase 23 - value assigned for the key is found as>>file:///E:/selenium/javabykiran-Selenium-Softwares/Offline%20Website/index.html
The 4 no content is >>Java Interview Questions
]]></system-out>
    <system-err><![CDATA[Starting ChromeDriver 99.0.4844.51 (d537ec02474b5afe23684e7963d538896c63ac77-refs/branch-heads/4844@{#875}) on port 32695
Only local connections are allowed.
Please see https://chromedriver.chromium.org/security-considerations for suggestions on keeping ChromeDriver safe.
ChromeDriver was started successfully.
[1649850151.798][WARNING]: This version of ChromeDriver has not been tested with Chrome version 100.
Apr 13, 2022 5:12:31 PM org.openqa.selenium.remote.ProtocolHandshake createSession
INFO: Detected dialect: W3C
]]></system-err>
  </testcase>
  <testcase name="windowHandles" classname="com.test.UsefulLinkTest" time="1.143">
    <system-out><![CDATA[04-13-2022 17:12:37 PropertiesUtilities.java INFO  [main] TestBase 12 - reading a property file for a keybrowser
04-13-2022 17:12:37 PropertiesUtilities.java INFO  [main] TestBase 23 - value assigned for the key is found as>>chrome
intialising browser
04-13-2022 17:12:37 TestBase.java INFO  [main] TestBase 31 - intialising browser
04-13-2022 17:12:38 PropertiesUtilities.java INFO  [main] TestBase 12 - reading a property file for a keyurl
04-13-2022 17:12:38 PropertiesUtilities.java INFO  [main] TestBase 23 - value assigned for the key is found as>>file:///E:/selenium/javabykiran-Selenium-Softwares/Offline%20Website/index.html
CDwindow-B7DCE1911BB2FA835113C8378B9E2283
]]></system-out>
    <system-err><![CDATA[Starting ChromeDriver 99.0.4844.51 (d537ec02474b5afe23684e7963d538896c63ac77-refs/branch-heads/4844@{#875}) on port 31742
Only local connections are allowed.
Please see https://chromedriver.chromium.org/security-considerations for suggestions on keeping ChromeDriver safe.
ChromeDriver was started successfully.
[1649850158.488][WARNING]: This version of ChromeDriver has not been tested with Chrome version 100.
Apr 13, 2022 5:12:38 PM org.openqa.selenium.remote.ProtocolHandshake createSession
INFO: Detected dialect: W3C
]]></system-err>
  </testcase>
  <testcase name="testPage" classname="com.test.LoginpageTest" time="0.002">
    <failure message="Session ID is null. Using WebDriver after calling quit()?&#10;Build info: version: &apos;3.141.59&apos;, revision: &apos;e82be7d358&apos;, time: &apos;2018-11-14T08:17:03&apos;&#10;System info: host: &apos;DESKTOP-53PPSM5&apos;, ip: &apos;192.168.43.251&apos;, os.name: &apos;Windows 10&apos;, os.arch: &apos;amd64&apos;, os.version: &apos;10.0&apos;, java.version: &apos;1.8.0_144&apos;&#10;Driver info: driver.version: RemoteWebDriver" type="org.openqa.selenium.NoSuchSessionException"><![CDATA[org.openqa.selenium.NoSuchSessionException: 
Session ID is null. Using WebDriver after calling quit()?
Build info: version: '3.141.59', revision: 'e82be7d358', time: '2018-11-14T08:17:03'
System info: host: 'DESKTOP-53PPSM5', ip: '192.168.43.251', os.name: 'Windows 10', os.arch: 'amd64', os.version: '10.0', java.version: '1.8.0_144'
Driver info: driver.version: RemoteWebDriver
	at com.test.LoginpageTest.testPage(LoginpageTest.java:42)
]]></failure>
  </testcase>
  <testcase name="checkLogin" classname="com.test.LoginpageTest" time="0">
    <failure message="Session ID is null. Using WebDriver after calling quit()?&#10;Build info: version: &apos;3.141.59&apos;, revision: &apos;e82be7d358&apos;, time: &apos;2018-11-14T08:17:03&apos;&#10;System info: host: &apos;DESKTOP-53PPSM5&apos;, ip: &apos;192.168.43.251&apos;, os.name: &apos;Windows 10&apos;, os.arch: &apos;amd64&apos;, os.version: &apos;10.0&apos;, java.version: &apos;1.8.0_144&apos;&#10;Driver info: driver.version: RemoteWebDriver" type="org.openqa.selenium.NoSuchSessionException"><![CDATA[org.openqa.selenium.NoSuchSessionException: 
Session ID is null. Using WebDriver after calling quit()?
Build info: version: '3.141.59', revision: 'e82be7d358', time: '2018-11-14T08:17:03'
System info: host: 'DESKTOP-53PPSM5', ip: '192.168.43.251', os.name: 'Windows 10', os.arch: 'amd64', os.version: '10.0', java.version: '1.8.0_144'
Driver info: driver.version: RemoteWebDriver
	at com.test.LoginpageTest.checkLogin(LoginpageTest.java:51)
]]></failure>
  </testcase>
</testsuite>