<?xml version="1.0" encoding="UTF-8"?>
<!-- Generated by org.testng.reporters.JUnitXMLReporter -->
<testsuite hostname="DESKTOP-53PPSM5" ignored="0" name="Test" tests="18" failures="3" timestamp="13 Apr 2022 10:14:26 GMT" time="64.764" errors="0">
  <testcase name="@AfterClass tearDown" time="0.004" classname="com.test.UserpgeTest">
    <failure type="java.lang.NullPointerException">
      <![CDATA[java.lang.NullPointerException
at com.test.UserpgeTest.tearDown(UserpgeTest.java:36)
... Removed 26 stack frames]]>
    </failure>
  </testcase> <!-- @AfterClass tearDown -->
  <testcase name="@AfterMethod tearDown" time="0.0" classname="com.test.DownloadPageTest">
    <failure type="java.lang.NullPointerException">
      <![CDATA[java.lang.NullPointerException
at com.test.DownloadPageTest.tearDown(DownloadPageTest.java:35)
... Removed 28 stack frames]]>
    </failure>
  </testcase> <!-- @AfterMethod tearDown -->
  <testcase name="@BeforeMethod intialisation1" time="0.0" classname="com.test.DownloadPageTest">
    <skipped/>
  </testcase> <!-- @BeforeMethod intialisation1 -->
  <testcase name="@AfterMethod tearDown" time="0.0" classname="com.test.DownloadPageTest">
    <skipped/>
  </testcase> <!-- @AfterMethod tearDown -->
  <testcase name="@AfterMethod tearDown" time="0.001" classname="com.test.AddUserTest">
    <failure type="java.lang.NullPointerException">
      <![CDATA[java.lang.NullPointerException
at com.test.AddUserTest.tearDown(AddUserTest.java:36)
... Removed 28 stack frames]]>
    </failure>
  </testcase> <!-- @AfterMethod tearDown -->
  <testcase name="@AfterMethod tearDown" time="0.0" classname="com.test.operatorTest">
    <failure type="java.lang.NullPointerException">
      <![CDATA[java.lang.NullPointerException
at com.test.operatorTest.tearDown(operatorTest.java:33)
... Removed 28 stack frames]]>
    </failure>
  </testcase> <!-- @AfterMethod tearDown -->
  <testcase name="@BeforeMethod intialisation1" time="0.0" classname="com.test.operatorTest">
    <skipped/>
  </testcase> <!-- @BeforeMethod intialisation1 -->
  <testcase name="@AfterMethod tearDown" time="0.0" classname="com.test.operatorTest">
    <skipped/>
  </testcase> <!-- @AfterMethod tearDown -->
  <testcase name="@BeforeMethod intialisation1" time="0.0" classname="com.test.operatorTest">
    <skipped/>
  </testcase> <!-- @BeforeMethod intialisation1 -->
  <testcase name="@AfterMethod tearDown" time="0.0" classname="com.test.operatorTest">
    <skipped/>
  </testcase> <!-- @AfterMethod tearDown -->
  <testcase name="@BeforeMethod intialisation1" time="0.0" classname="com.test.operatorTest">
    <skipped/>
  </testcase> <!-- @BeforeMethod intialisation1 -->
  <testcase name="@AfterMethod tearDown" time="0.0" classname="com.test.operatorTest">
    <skipped/>
  </testcase> <!-- @AfterMethod tearDown -->
  <testcase name="@AfterMethod tearDown" time="0.0" classname="com.test.DashboardpageTest">
    <failure type="java.lang.NullPointerException">
      <![CDATA[java.lang.NullPointerException
at com.test.DashboardpageTest.tearDown(DashboardpageTest.java:34)
... Removed 28 stack frames]]>
    </failure>
  </testcase> <!-- @AfterMethod tearDown -->
  <testcase name="@BeforeMethod intialisation1" time="0.0" classname="com.test.DashboardpageTest">
    <skipped/>
  </testcase> <!-- @BeforeMethod intialisation1 -->
  <testcase name="@AfterMethod tearDown" time="0.0" classname="com.test.DashboardpageTest">
    <skipped/>
  </testcase> <!-- @AfterMethod tearDown -->
  <testcase name="@BeforeMethod intialisation1" time="0.0" classname="com.test.DashboardpageTest">
    <skipped/>
  </testcase> <!-- @BeforeMethod intialisation1 -->
  <testcase name="@AfterMethod tearDown" time="0.0" classname="com.test.DashboardpageTest">
    <skipped/>
  </testcase> <!-- @AfterMethod tearDown -->
  <testcase name="@AfterMethod tearDown" time="0.001" classname="com.test.UsefulLinkTest">
    <failure type="java.lang.NullPointerException">
      <![CDATA[java.lang.NullPointerException
at com.test.UsefulLinkTest.tearDown(UsefulLinkTest.java:37)
... Removed 28 stack frames]]>
    </failure>
  </testcase> <!-- @AfterMethod tearDown -->
  <testcase name="@BeforeMethod intialisation1" time="0.0" classname="com.test.UsefulLinkTest">
    <skipped/>
  </testcase> <!-- @BeforeMethod intialisation1 -->
  <testcase name="@AfterMethod tearDown" time="0.0" classname="com.test.UsefulLinkTest">
    <skipped/>
  </testcase> <!-- @AfterMethod tearDown -->
  <testcase name="genderChecking" time="1.343" classname="com.test.UserpgeTest"/>
  <testcase name="popuphandling" time="0.099" classname="com.test.UserpgeTest">
    <failure type="org.openqa.selenium.NoAlertPresentException" message="no such alert
  (Session info: chrome=100.0.4896.88)
Build info: version: &amp;apos;3.141.59&amp;apos;, revision: &amp;apos;e82be7d358&amp;apos;, time: &amp;apos;2018-11-14T08:17:03&amp;apos;
System info: host: &amp;apos;DESKTOP-53PPSM5&amp;apos;, ip: &amp;apos;192.168.43.251&amp;apos;, os.name: &amp;apos;Windows 10&amp;apos;, os.arch: &amp;apos;amd64&amp;apos;, os.version: &amp;apos;10.0&amp;apos;, java.version: &amp;apos;1.8.0_144&amp;apos;
Driver info: org.openqa.selenium.chrome.ChromeDriver
Capabilities {acceptInsecureCerts: false, browserName: chrome, browserVersion: 100.0.4896.88, chrome: {chromedriverVersion: 99.0.4844.51 (d537ec02474b5..., userDataDir: C:\Users\om\AppData\Local\T...}, goog:chromeOptions: {debuggerAddress: localhost:58966}, javascriptEnabled: true, networkConnectionEnabled: false, pageLoadStrategy: normal, platform: WINDOWS, platformName: WINDOWS, proxy: Proxy(), setWindowRect: true, strictFileInteractability: false, timeouts: {implicit: 0, pageLoad: 300000, script: 30000}, unhandledPromptBehavior: dismiss and notify, webauthn:extension:credBlob: true, webauthn:extension:largeBlob: true, webauthn:virtualAuthenticators: true}
Session ID: 28ffae2b02255d2b56842a78e9c87eb4">
      <![CDATA[org.openqa.selenium.NoAlertPresentException: no such alert
  (Session info: chrome=100.0.4896.88)
Build info: version: '3.141.59', revision: 'e82be7d358', time: '2018-11-14T08:17:03'
System info: host: 'DESKTOP-53PPSM5', ip: '192.168.43.251', os.name: 'Windows 10', os.arch: 'amd64', os.version: '10.0', java.version: '1.8.0_144'
Driver info: org.openqa.selenium.chrome.ChromeDriver
Capabilities {acceptInsecureCerts: false, browserName: chrome, browserVersion: 100.0.4896.88, chrome: {chromedriverVersion: 99.0.4844.51 (d537ec02474b5..., userDataDir: C:\Users\om\AppData\Local\T...}, goog:chromeOptions: {debuggerAddress: localhost:58966}, javascriptEnabled: true, networkConnectionEnabled: false, pageLoadStrategy: normal, platform: WINDOWS, platformName: WINDOWS, proxy: Proxy(), setWindowRect: true, strictFileInteractability: false, timeouts: {implicit: 0, pageLoad: 300000, script: 30000}, unhandledPromptBehavior: dismiss and notify, webauthn:extension:credBlob: true, webauthn:extension:largeBlob: true, webauthn:virtualAuthenticators: true}
Session ID: 28ffae2b02255d2b56842a78e9c87eb4
at org.openqa.selenium.remote.http.W3CHttpResponseCodec.createException(W3CHttpResponseCodec.java:187)
at org.openqa.selenium.remote.http.W3CHttpResponseCodec.decode(W3CHttpResponseCodec.java:122)
at org.openqa.selenium.remote.http.W3CHttpResponseCodec.decode(W3CHttpResponseCodec.java:49)
at org.openqa.selenium.remote.HttpCommandExecutor.execute(HttpCommandExecutor.java:158)
at org.openqa.selenium.remote.service.DriverCommandExecutor.execute(DriverCommandExecutor.java:83)
at org.openqa.selenium.remote.RemoteWebDriver.execute(RemoteWebDriver.java:552)
at org.openqa.selenium.remote.RemoteWebDriver.execute(RemoteWebDriver.java:609)
at org.openqa.selenium.remote.RemoteWebDriver$RemoteTargetLocator.alert(RemoteWebDriver.java:932)
at com.pages.UsersPage.popuphandling(UsersPage.java:91)
at com.test.UserpgeTest.popuphandling(UserpgeTest.java:53)
... Removed 29 stack frames]]>
    </failure>
  </testcase> <!-- popuphandling -->
  <testcase name="webTableHandling1" time="0.147" classname="com.test.UserpgeTest"/>
  <testcase name="webtblehndling" time="0.704" classname="com.test.UserpgeTest"/>
  <testcase name="seleniumCountCheck" time="0.371" classname="com.test.DownloadPageTest"/>
  <testcase name="windowhandle" time="0.0" classname="com.test.DownloadPageTest">
    <skipped/>
  </testcase> <!-- windowhandle -->
  <testcase name="adduser" time="3.882" classname="com.test.AddUserTest"/>
  <testcase name="CheckWhatasppContactOnly" time="0.251" classname="com.test.operatorTest"/>
  <testcase name="checkcontact" time="0.0" classname="com.test.operatorTest">
    <skipped/>
  </testcase> <!-- checkcontact -->
  <testcase name="technnicalWord" time="0.0" classname="com.test.operatorTest">
    <skipped/>
  </testcase> <!-- technnicalWord -->
  <testcase name="webTablehandlimg" time="0.0" classname="com.test.operatorTest">
    <skipped/>
  </testcase> <!-- webTablehandlimg -->
  <testcase name="checkOperatorPage" time="0.254" classname="com.test.DashboardpageTest"/>
  <testcase name="checkUserPage" time="0.0" classname="com.test.DashboardpageTest">
    <skipped/>
  </testcase> <!-- checkUserPage -->
  <testcase name="windowHandale" time="0.0" classname="com.test.DashboardpageTest">
    <skipped/>
  </testcase> <!-- windowHandale -->
  <testcase name="contentcheck" time="0.255" classname="com.test.UsefulLinkTest"/>
  <testcase name="windowHandles" time="0.0" classname="com.test.UsefulLinkTest">
    <skipped/>
  </testcase> <!-- windowHandles -->
  <testcase name="testPage" time="9.381" classname="com.test.LoginpageTest">
    <failure type="org.openqa.selenium.NoSuchElementException" message="Cannot locate an element using id=email
For documentation on this error, please visit: https://www.seleniumhq.org/exceptions/no_such_element.html
Build info: version: &amp;apos;3.141.59&amp;apos;, revision: &amp;apos;e82be7d358&amp;apos;, time: &amp;apos;2018-11-14T08:17:03&amp;apos;
System info: host: &amp;apos;DESKTOP-53PPSM5&amp;apos;, ip: &amp;apos;192.168.43.251&amp;apos;, os.name: &amp;apos;Windows 10&amp;apos;, os.arch: &amp;apos;amd64&amp;apos;, os.version: &amp;apos;10.0&amp;apos;, java.version: &amp;apos;1.8.0_144&amp;apos;
Driver info: driver.version: RemoteWebDriver">
      <![CDATA[org.openqa.selenium.NoSuchElementException: Cannot locate an element using id=email
For documentation on this error, please visit: https://www.seleniumhq.org/exceptions/no_such_element.html
Build info: version: '3.141.59', revision: 'e82be7d358', time: '2018-11-14T08:17:03'
System info: host: 'DESKTOP-53PPSM5', ip: '192.168.43.251', os.name: 'Windows 10', os.arch: 'amd64', os.version: '10.0', java.version: '1.8.0_144'
Driver info: driver.version: RemoteWebDriver
at org.openqa.selenium.remote.RemoteWebDriver.findElement(RemoteWebDriver.java:327)
at org.openqa.selenium.remote.RemoteWebDriver.findElementById(RemoteWebDriver.java:372)
at org.openqa.selenium.By$ById.findElement(By.java:188)
at org.openqa.selenium.remote.RemoteWebDriver.findElement(RemoteWebDriver.java:315)
at org.openqa.selenium.support.pagefactory.DefaultElementLocator.findElement(DefaultElementLocator.java:69)
at org.openqa.selenium.support.pagefactory.internal.LocatingElementHandler.invoke(LocatingElementHandler.java:38)
at com.sun.proxy.$Proxy13.sendKeys(Unknown Source)
at com.pages.LoginPage.validLogin(LoginPage.java:48)
at com.test.LoginpageTest.testPage(LoginpageTest.java:42)
... Removed 25 stack frames]]>
    </failure>
  </testcase> <!-- testPage -->
  <testcase name="checkLogin" time="12.221" classname="com.test.LoginpageTest">
    <failure type="org.openqa.selenium.WebDriverException" message="chrome not reachable
  (Session info: chrome=100.0.4896.88)
Build info: version: &amp;apos;3.141.59&amp;apos;, revision: &amp;apos;e82be7d358&amp;apos;, time: &amp;apos;2018-11-14T08:17:03&amp;apos;
System info: host: &amp;apos;DESKTOP-53PPSM5&amp;apos;, ip: &amp;apos;192.168.43.251&amp;apos;, os.name: &amp;apos;Windows 10&amp;apos;, os.arch: &amp;apos;amd64&amp;apos;, os.version: &amp;apos;10.0&amp;apos;, java.version: &amp;apos;1.8.0_144&amp;apos;
Driver info: org.openqa.selenium.chrome.ChromeDriver
Capabilities {acceptInsecureCerts: false, browserName: chrome, browserVersion: 100.0.4896.88, chrome: {chromedriverVersion: 99.0.4844.51 (d537ec02474b5..., userDataDir: C:\Users\om\AppData\Local\T...}, goog:chromeOptions: {debuggerAddress: localhost:59111}, javascriptEnabled: true, networkConnectionEnabled: false, pageLoadStrategy: normal, platform: WINDOWS, platformName: WINDOWS, proxy: Proxy(), setWindowRect: true, strictFileInteractability: false, timeouts: {implicit: 0, pageLoad: 300000, script: 30000}, unhandledPromptBehavior: dismiss and notify, webauthn:extension:credBlob: true, webauthn:extension:largeBlob: true, webauthn:virtualAuthenticators: true}
Session ID: 99f26442ac2d5419e3283a56cc7143db">
      <![CDATA[org.openqa.selenium.WebDriverException: chrome not reachable
  (Session info: chrome=100.0.4896.88)
Build info: version: '3.141.59', revision: 'e82be7d358', time: '2018-11-14T08:17:03'
System info: host: 'DESKTOP-53PPSM5', ip: '192.168.43.251', os.name: 'Windows 10', os.arch: 'amd64', os.version: '10.0', java.version: '1.8.0_144'
Driver info: org.openqa.selenium.chrome.ChromeDriver
Capabilities {acceptInsecureCerts: false, browserName: chrome, browserVersion: 100.0.4896.88, chrome: {chromedriverVersion: 99.0.4844.51 (d537ec02474b5..., userDataDir: C:\Users\om\AppData\Local\T...}, goog:chromeOptions: {debuggerAddress: localhost:59111}, javascriptEnabled: true, networkConnectionEnabled: false, pageLoadStrategy: normal, platform: WINDOWS, platformName: WINDOWS, proxy: Proxy(), setWindowRect: true, strictFileInteractability: false, timeouts: {implicit: 0, pageLoad: 300000, script: 30000}, unhandledPromptBehavior: dismiss and notify, webauthn:extension:credBlob: true, webauthn:extension:largeBlob: true, webauthn:virtualAuthenticators: true}
Session ID: 99f26442ac2d5419e3283a56cc7143db
at org.openqa.selenium.remote.http.W3CHttpResponseCodec.createException(W3CHttpResponseCodec.java:187)
at org.openqa.selenium.remote.http.W3CHttpResponseCodec.decode(W3CHttpResponseCodec.java:122)
at org.openqa.selenium.remote.http.W3CHttpResponseCodec.decode(W3CHttpResponseCodec.java:49)
at org.openqa.selenium.remote.HttpCommandExecutor.execute(HttpCommandExecutor.java:158)
at org.openqa.selenium.remote.service.DriverCommandExecutor.execute(DriverCommandExecutor.java:83)
at org.openqa.selenium.remote.RemoteWebDriver.execute(RemoteWebDriver.java:552)
at org.openqa.selenium.remote.RemoteWebDriver.execute(RemoteWebDriver.java:609)
at org.openqa.selenium.remote.RemoteWebDriver.getTitle(RemoteWebDriver.java:281)
at com.test.LoginpageTest.checkLogin(LoginpageTest.java:51)
... Removed 29 stack frames]]>
    </failure>
  </testcase> <!-- checkLogin -->
</testsuite> <!-- Test -->
